<?xml version="1.0" encoding="UTF-8" ?>
<testsuite failures="0" time="0.453" errors="0" skipped="0" tests="4" name="com.diandian.api.sdk.java.TagServiceTest">
  <properties>
    <property name="java.runtime.name" value="OpenJDK Runtime Environment"/>
    <property name="sun.boot.library.path" value="/Library/Java/JavaVirtualMachines/JDK 1.7.0 Developer Preview.jdk/Contents/Home/jre/lib"/>
    <property name="java.vm.version" value="21.0-b17"/>
    <property name="gopherProxySet" value="false"/>
    <property name="java.vm.vendor" value="Oracle Corporation"/>
    <property name="java.vendor.url" value="http://java.oracle.com/"/>
    <property name="path.separator" value=":"/>
    <property name="java.vm.name" value="OpenJDK 64-Bit Server VM"/>
    <property name="file.encoding.pkg" value="sun.io"/>
    <property name="user.country" value="CN"/>
    <property name="sun.java.launcher" value="SUN_STANDARD"/>
    <property name="sun.os.patch.level" value="unknown"/>
    <property name="java.vm.specification.name" value="Java Virtual Machine Specification"/>
    <property name="user.dir" value="/Users/zhangdong/workspace/diandian-api-sdk/diandian-api-sdk-java"/>
    <property name="java.runtime.version" value="1.7.0-ea-b223"/>
    <property name="java.awt.graphicsenv" value="sun.awt.CGraphicsEnvironment"/>
    <property name="basedir" value="/Users/zhangdong/workspace/diandian-api-sdk/diandian-api-sdk-java"/>
    <property name="java.endorsed.dirs" value="/Library/Java/JavaVirtualMachines/JDK 1.7.0 Developer Preview.jdk/Contents/Home/jre/lib/endorsed"/>
    <property name="os.arch" value="x86_64"/>
    <property name="surefire.real.class.path" value="/Users/zhangdong/workspace/diandian-api-sdk/diandian-api-sdk-java/target/surefire/surefirebooter780553177535103220.jar"/>
    <property name="java.io.tmpdir" value="/var/folders/n4/xd4xtcnx0fbcjlznckdbj_xw0000gn/T/"/>
    <property name="line.separator" value="
"/>
    <property name="java.vm.specification.vendor" value="Oracle Corporation"/>
    <property name="os.name" value="Mac OS X"/>
    <property name="sun.jnu.encoding" value="UTF-8"/>
    <property name="java.library.path" value="/Users/zhangdong/Library/Java/Extensions:/Library/Java/Extensions:/Network/Library/Java/Extensions:/System/Library/Java/Extensions:/usr/lib/java"/>
    <property name="surefire.test.class.path" value="/Users/zhangdong/workspace/diandian-api-sdk/diandian-api-sdk-java/target/test-classes:/Users/zhangdong/workspace/diandian-api-sdk/diandian-api-sdk-java/target/classes:/Users/zhangdong/.m2/repository/junit/junit/3.8.1/junit-3.8.1.jar:/Users/zhangdong/workspace/diandian-api-sdk/diandian-api-sdk-common/target/diandian-api-sdk-common-1.0-SNAPSHOT.jar:/Users/zhangdong/.m2/repository/commons-lang/commons-lang/2.6/commons-lang-2.6.jar:/Users/zhangdong/.m2/repository/org/apache/commons/commons-lang3/3.0/commons-lang3-3.0.jar:/Users/zhangdong/.m2/repository/com/alibaba/fastjson/1.1.18/fastjson-1.1.18.jar:/Users/zhangdong/.m2/repository/org/json/json/20090211/json-20090211.jar:"/>
    <property name="java.specification.name" value="Java Platform API Specification"/>
    <property name="java.class.version" value="51.0"/>
    <property name="sun.management.compiler" value="HotSpot 64-Bit Tiered Compilers"/>
    <property name="os.version" value="10.7.4"/>
    <property name="http.nonProxyHosts" value="local|*.local|169.254/16|*.169.254/16"/>
    <property name="user.home" value="/Users/zhangdong"/>
    <property name="user.timezone" value=""/>
    <property name="java.awt.printerjob" value="sun.lwawt.macosx.CPrinterJob"/>
    <property name="java.specification.version" value="1.7"/>
    <property name="file.encoding" value="UTF-8"/>
    <property name="user.name" value="zhangdong"/>
    <property name="java.class.path" value="/Users/zhangdong/workspace/diandian-api-sdk/diandian-api-sdk-java/target/test-classes:/Users/zhangdong/workspace/diandian-api-sdk/diandian-api-sdk-java/target/classes:/Users/zhangdong/.m2/repository/junit/junit/3.8.1/junit-3.8.1.jar:/Users/zhangdong/workspace/diandian-api-sdk/diandian-api-sdk-common/target/diandian-api-sdk-common-1.0-SNAPSHOT.jar:/Users/zhangdong/.m2/repository/commons-lang/commons-lang/2.6/commons-lang-2.6.jar:/Users/zhangdong/.m2/repository/org/apache/commons/commons-lang3/3.0/commons-lang3-3.0.jar:/Users/zhangdong/.m2/repository/com/alibaba/fastjson/1.1.18/fastjson-1.1.18.jar:/Users/zhangdong/.m2/repository/org/json/json/20090211/json-20090211.jar:"/>
    <property name="java.vm.specification.version" value="1.7"/>
    <property name="sun.arch.data.model" value="64"/>
    <property name="java.home" value="/Library/Java/JavaVirtualMachines/JDK 1.7.0 Developer Preview.jdk/Contents/Home/jre"/>
    <property name="sun.java.command" value="/Users/zhangdong/workspace/diandian-api-sdk/diandian-api-sdk-java/target/surefire/surefirebooter780553177535103220.jar /Users/zhangdong/workspace/diandian-api-sdk/diandian-api-sdk-java/target/surefire/surefire6933403223677076542tmp /Users/zhangdong/workspace/diandian-api-sdk/diandian-api-sdk-java/target/surefire/surefire7236513869953294333tmp"/>
    <property name="java.specification.vendor" value="Oracle Corporation"/>
    <property name="user.language" value="zh"/>
    <property name="awt.toolkit" value="sun.lwawt.macosx.LWCToolkit"/>
    <property name="java.vm.info" value="mixed mode"/>
    <property name="java.version" value="1.7.0-ea"/>
    <property name="java.ext.dirs" value="/Users/zhangdong/Library/Java/Extensions:/Library/Java/JavaVirtualMachines/JDK 1.7.0 Developer Preview.jdk/Contents/Home/jre/lib/ext:/Library/Java/Extensions:/Network/Library/Java/Extensions:/System/Library/Java/Extensions:/usr/lib/java"/>
    <property name="sun.boot.class.path" value="/Library/Java/JavaVirtualMachines/JDK 1.7.0 Developer Preview.jdk/Contents/Home/jre/lib/resources.jar:/Library/Java/JavaVirtualMachines/JDK 1.7.0 Developer Preview.jdk/Contents/Home/jre/lib/rt.jar:/Library/Java/JavaVirtualMachines/JDK 1.7.0 Developer Preview.jdk/Contents/Home/jre/lib/sunrsasign.jar:/Library/Java/JavaVirtualMachines/JDK 1.7.0 Developer Preview.jdk/Contents/Home/jre/lib/jsse.jar:/Library/Java/JavaVirtualMachines/JDK 1.7.0 Developer Preview.jdk/Contents/Home/jre/lib/jce.jar:/Library/Java/JavaVirtualMachines/JDK 1.7.0 Developer Preview.jdk/Contents/Home/jre/lib/charsets.jar:/Library/Java/JavaVirtualMachines/JDK 1.7.0 Developer Preview.jdk/Contents/Home/jre/lib/modules/jdk.boot.jar:/Library/Java/JavaVirtualMachines/JDK 1.7.0 Developer Preview.jdk/Contents/Home/jre/lib/JObjC.jar:/Library/Java/JavaVirtualMachines/JDK 1.7.0 Developer Preview.jdk/Contents/Home/jre/classes"/>
    <property name="java.vendor" value="Oracle Corporation"/>
    <property name="localRepository" value="/Users/zhangdong/.m2/repository"/>
    <property name="file.separator" value="/"/>
    <property name="java.vendor.url.bug" value="http://bugreport.sun.com/bugreport/"/>
    <property name="sun.cpu.endian" value="little"/>
    <property name="sun.io.unicode.encoding" value="UnicodeBig"/>
    <property name="socksNonProxyHosts" value="local|*.local|169.254/16|*.169.254/16"/>
    <property name="ftp.nonProxyHosts" value="local|*.local|169.254/16|*.169.254/16"/>
    <property name="sun.cpu.isalist" value=""/>
  </properties>
  <testcase time="0.134" classname="com.diandian.api.sdk.java.TagServiceTest" name="testTagPost"/>
  <testcase time="0.018" classname="com.diandian.api.sdk.java.TagServiceTest" name="testWatchTag"/>
  <testcase time="0.018" classname="com.diandian.api.sdk.java.TagServiceTest" name="testUnwatchTag"/>
  <testcase time="0.016" classname="com.diandian.api.sdk.java.TagServiceTest" name="testMyTags"/>
</testsuite>